<?xml version="1.0" encoding="UTF-8"?>
<testng-results ignored="0" total="3" passed="3" failed="0" skipped="0">
  <reporter-output>
  </reporter-output>
  <suite started-at="2022-11-24T21:17:23 IST" name="Default suite" finished-at="2022-11-24T21:18:04 IST" duration-ms="41301">
    <groups>
    </groups>
    <test started-at="2022-11-24T21:17:23 IST" name="Default test" finished-at="2022-11-24T21:18:04 IST" duration-ms="41301">
      <class name="test.Login">
        <test-method signature="testLogin(java.util.HashMap)[pri:0, instance:test.Login@8dbdac1]" started-at="2022-11-24T21:17:24 IST" name="testLogin" data-provider="dataSupplier" finished-at="2022-11-24T21:17:33 IST" duration-ms="9110" status="PASS">
          <params>
            <param index="0">
              <value>
                <![CDATA[{Runmode=Y, ExpectedResult=Success, Username=manjunathbrsandra43@gmail.com, Browser=Chrome, Password=Manju@1994}]]>
              </value>
            </param>
          </params>
          <reporter-output>
          </reporter-output>
        </test-method> <!-- testLogin -->
        <test-method is-config="true" signature="tearDown()[pri:0, instance:test.Login@8dbdac1]" started-at="2022-11-24T21:17:33 IST" name="tearDown" finished-at="2022-11-24T21:17:35 IST" duration-ms="1938" status="PASS">
          <reporter-output>
          </reporter-output>
        </test-method> <!-- tearDown -->
        <test-method signature="testLogin(java.util.HashMap)[pri:0, instance:test.Login@8dbdac1]" started-at="2022-11-24T21:17:35 IST" name="testLogin" data-provider="dataSupplier" finished-at="2022-11-24T21:17:40 IST" duration-ms="5123" status="PASS">
          <params>
            <param index="0">
              <value>
                <![CDATA[{Runmode=Y, ExpectedResult=Success, Username=manjunathbrsandra43@gmail.com, Browser=Chrome, Password=Manju@1994}]]>
              </value>
            </param>
          </params>
          <reporter-output>
          </reporter-output>
        </test-method> <!-- testLogin -->
        <test-method is-config="true" signature="tearDown()[pri:0, instance:test.Login@8dbdac1]" started-at="2022-11-24T21:17:40 IST" name="tearDown" finished-at="2022-11-24T21:17:49 IST" duration-ms="8556" status="PASS">
          <reporter-output>
          </reporter-output>
        </test-method> <!-- tearDown -->
        <test-method signature="testLogin(java.util.HashMap)[pri:0, instance:test.Login@8dbdac1]" started-at="2022-11-24T21:17:49 IST" name="testLogin" data-provider="dataSupplier" finished-at="2022-11-24T21:18:02 IST" duration-ms="13880" status="PASS">
          <params>
            <param index="0">
              <value>
                <![CDATA[{Runmode=Y, ExpectedResult=Success, Username=manjunathbrsandra43@gmail.com, Browser=Chrome, Password=Manju@1994}]]>
              </value>
            </param>
          </params>
          <reporter-output>
          </reporter-output>
        </test-method> <!-- testLogin -->
        <test-method is-config="true" signature="tearDown()[pri:0, instance:test.Login@8dbdac1]" started-at="2022-11-24T21:18:02 IST" name="tearDown" finished-at="2022-11-24T21:18:04 IST" duration-ms="1874" status="PASS">
          <reporter-output>
          </reporter-output>
        </test-method> <!-- tearDown -->
      </class> <!-- test.Login -->
    </test> <!-- Default test -->
  </suite> <!-- Default suite -->
</testng-results>
